3/21/2023 11:21:39 PM	This log contains information about the import schema operation into project 'DevDBProject' on computer 'ARANJAN01' by user 'Amit.Ranjan'.
3/21/2023 11:21:39 PM	Import of database schema has started.
3/21/2023 11:21:55 PM	Gathering logins
3/21/2023 11:22:14 PM	Gathering database credentials
3/21/2023 11:22:14 PM	Gathering database options
3/21/2023 11:22:14 PM	Gathering generic database scoped configuration option
3/21/2023 11:22:14 PM	Gathering users
3/21/2023 11:22:14 PM	Gathering roles
3/21/2023 11:22:14 PM	Gathering application roles
3/21/2023 11:22:14 PM	Gathering role memberships
3/21/2023 11:22:14 PM	Gathering filegroups
3/21/2023 11:22:14 PM	Gathering full-text catalogs
3/21/2023 11:22:14 PM	Gathering assemblies
3/21/2023 11:22:14 PM	Gathering certificates
3/21/2023 11:22:14 PM	Gathering symmetric keys
3/21/2023 11:22:14 PM	Gathering encrypted symmetric keys
3/21/2023 11:22:14 PM	Gathering schemas
3/21/2023 11:22:14 PM	Gathering XML schema collections
3/21/2023 11:22:14 PM	Gathering user-defined data types
3/21/2023 11:22:14 PM	Gathering user-defined types
3/21/2023 11:22:14 PM	Gathering table types
3/21/2023 11:22:14 PM	Gathering unique keys for table types
3/21/2023 11:22:14 PM	Gathering primary keys for table types
3/21/2023 11:22:14 PM	Gathering indexes for table types
3/21/2023 11:22:14 PM	Gathering check constraints for table types
3/21/2023 11:22:14 PM	Gathering default constraints for table types
3/21/2023 11:22:14 PM	Gathering partition functions
3/21/2023 11:22:14 PM	Gathering partition schemes
3/21/2023 11:22:14 PM	Gathering functions
3/21/2023 11:22:14 PM	Gathering encrypted functions
3/21/2023 11:22:14 PM	Gathering aggregates
3/21/2023 11:22:14 PM	Gathering procedures
3/21/2023 11:22:14 PM	Gathering encrypted procedures
3/21/2023 11:22:14 PM	Gathering tables
3/21/2023 11:22:14 PM	Gathering primary keys
3/21/2023 11:22:14 PM	Gathering unique constraints
3/21/2023 11:22:14 PM	Gathering foreign keys
3/21/2023 11:22:14 PM	Gathering default constraints
3/21/2023 11:22:14 PM	Gathering check constraints
3/21/2023 11:22:14 PM	Gathering views
3/21/2023 11:22:14 PM	Gathering encrypted views
3/21/2023 11:22:14 PM	Gathering indexes
3/21/2023 11:22:14 PM	Gathering statistics
3/21/2023 11:22:14 PM	Gathering full-text index stoplists
3/21/2023 11:22:14 PM	Gathering search property lists
3/21/2023 11:22:14 PM	Gathering search properties
3/21/2023 11:22:14 PM	Gathering full-text indexes
3/21/2023 11:22:14 PM	Gathering column store indexes
3/21/2023 11:22:14 PM	Gathering spatial indexes
3/21/2023 11:22:14 PM	Gathering XML indexes
3/21/2023 11:22:14 PM	Gathering Selective XML indexes
3/21/2023 11:22:14 PM	Gathering encrypted triggers
3/21/2023 11:22:14 PM	Gathering triggers
3/21/2023 11:22:14 PM	Gathering encrypted and clr ddl triggers
3/21/2023 11:22:14 PM	Gathering ddl triggers
3/21/2023 11:22:14 PM	Creating edge constraints
3/21/2023 11:22:14 PM	Gathering synonyms
3/21/2023 11:22:14 PM	Gathering defaults
3/21/2023 11:22:14 PM	Gathering data constraint uddt bindings
3/21/2023 11:22:14 PM	Gathering rules
3/21/2023 11:22:14 PM	Gathering data constraint uddt bindings
3/21/2023 11:22:14 PM	Gathering message types
3/21/2023 11:22:14 PM	Gathering queues
3/21/2023 11:22:14 PM	Gathering contracts
3/21/2023 11:22:14 PM	Gathering services
3/21/2023 11:22:14 PM	Gathering event notifications
3/21/2023 11:22:14 PM	Gathering remote service bindings
3/21/2023 11:22:14 PM	Gathering broker priorities
3/21/2023 11:22:14 PM	Gathering signatures
3/21/2023 11:22:14 PM	Gathering compression options
3/21/2023 11:22:14 PM	Gathering sequence types
3/21/2023 11:22:14 PM	Gathering security policies
3/21/2023 11:22:14 PM	Gather column encryption keys
3/21/2023 11:22:14 PM	Gathering column master keys
3/21/2023 11:22:14 PM	Gathering external data sources
3/21/2023 11:22:14 PM	Gathering external tables
3/21/2023 11:22:14 PM	Gathering XML index compression options
3/21/2023 11:22:15 PM	Gathering extended properties
3/21/2023 11:22:15 PM	Gathering assemblies
3/21/2023 11:23:04 PM	Gathering logins
3/21/2023 11:23:07 PM	Scanning project for duplicate elements
3/21/2023 11:23:07 PM	Finished duplicate element processing
3/21/2023 11:23:07 PM	Finished importing database.
3/21/2023 11:23:07 PM	A summary of the import was saved to the following location: C:\Users\Amit.Ranjan\source\repos\DevOpsProjctTraining\devdb\DevDBProject\Import Schema Logs\DevDBProject_20230321055139.log
3/21/2023 11:23:07 PM	Click Finish to continue...
